62 [main] DEBUG ProjectorField - ProjectorField name: configPoll
62 [main] DEBUG ProjectorField - ProjectorField type: integer
62 [main] DEBUG ProjectorField - ProjectorField size: 4
62 [main] DEBUG ProjectorField - ProjectorField elementName: 
62 [main] DEBUG ProjectorField - ProjectorField name: path
62 [main] DEBUG ProjectorField - ProjectorField type: string
62 [main] DEBUG ProjectorField - ProjectorField size: 255
62 [main] DEBUG ProjectorField - ProjectorField elementName: 
62 [main] DEBUG ProjectorField - ProjectorField name: password
62 [main] DEBUG ProjectorField - ProjectorField type: string
62 [main] DEBUG ProjectorField - ProjectorField size: 255
62 [main] DEBUG ProjectorField - ProjectorField elementName: 
62 [main] DEBUG ProjectorField - ProjectorField name: keyfile
62 [main] DEBUG ProjectorField - ProjectorField type: string
62 [main] DEBUG ProjectorField - ProjectorField size: 255
62 [main] DEBUG ProjectorField - ProjectorField elementName: 
62 [main] DEBUG ProjectorObject - ProjectorObject name: DataServer
62 [main] DEBUG ProjectorObject - ProjectorObject name: SoftloggerChannel
62 [main] DEBUG ProjectorObject - ProjectorObject name: ModbusChannel
62 [main] INFO Projector - Done with sampleproject.xml
62 [main] INFO Projector - Generating...
62 [main] INFO Projector - Starting file generation
62 [main] DEBUG ProjectorObject - Generating: projects/Softlogger/src/ca/brood/softlogger/BaseSoftlogger.java
62 [main] DEBUG ProjectorObject - Generating: projects/Softlogger/src/ca/brood/softlogger/BaseDataServer.java
78 [main] DEBUG ProjectorObject - Generating: projects/Softlogger/src/ca/brood/softlogger/BaseSoftloggerChannel.java
78 [main] DEBUG ProjectorObject - Generating: projects/Softlogger/src/ca/brood/softlogger/BaseModbusChannel.java
78 [main] DEBUG Projector - Std file copy: Working on src/ca/brood/projector/ with install dir of projects/Softlogger/src/ca/brood/softlogger/
78 [main] DEBUG Projector - Std file copy: Old package: ca.brood.projector New Package: ca.brood.softlogger
78 [main] DEBUG Projector - Copying BaseGenerated.java from src/ca/brood/projector/ to projects/Softlogger/src/ca/brood/softlogger/
78 [main] DEBUG Projector - Std file copy: Working on src/ca/brood/projector/util/ with install dir of projects/Softlogger/src/ca/brood/softlogger/util/
78 [main] DEBUG Projector - Std file copy: Old package: ca.brood.projector.util New Package: ca.brood.softlogger.util
78 [main] DEBUG Projector - Copying SimpleXmlErrorHandler.java from src/ca/brood/projector/util/ to projects/Softlogger/src/ca/brood/softlogger/util/
78 [main] DEBUG Projector - Copying Util.java from src/ca/brood/projector/util/ to projects/Softlogger/src/ca/brood/softlogger/util/
78 [main] DEBUG Projector - Copying XmlErrorCallback.java from src/ca/brood/projector/util/ to projects/Softlogger/src/ca/brood/softlogger/util/
78 [main] DEBUG Projector - Std file copy: Working on . with install dir of projects/Softlogger/
78 [main] DEBUG Projector - Std file copy: Old package: projector New Package: softlogger
78 [main] DEBUG Projector - Std file copy: Working on ..git/ with install dir of projects/Softlogger/.git/
78 [main] DEBUG Projector - Std file copy: Old package: projector..git New Package: softlogger..git
78 [main] DEBUG Projector - Std file copy: Working on .bin/ with install dir of projects/Softlogger/bin/
78 [main] DEBUG Projector - Std file copy: Old package: projector.bin New Package: softlogger.bin
78 [main] DEBUG Projector - Std file copy: Working on .lib/ with install dir of projects/Softlogger/lib/
78 [main] DEBUG Projector - Std file copy: Old package: projector.lib New Package: softlogger.lib
78 [main] DEBUG Projector - Copying logger.config from . to projects/Softlogger/
78 [main] DEBUG Projector - Std file copy: Working on .projects/ with install dir of projects/Softlogger/projects/
78 [main] DEBUG Projector - Std file copy: Old package: projector.projects New Package: softlogger.projects
78 [main] DEBUG Projector - Std file copy: Working on .src/ with install dir of projects/Softlogger/src/
78 [main] DEBUG Projector - Std file copy: Old package: projector.src New Package: softlogger.src
78 [main] INFO Projector - Done with sampleproject.xml
78 [main] INFO Projector - Loading file: projector.xml
93 [main] DEBUG Projector - Reading configuration now
93 [main] DEBUG Projector - Configuring project...
93 [main] DEBUG ProjectorProject - ProjectorProject rootElement: projector
93 [main] DEBUG ProjectorProject - ProjectorProject rootObject: Projector
93 [main] DEBUG ProjectorProject - ProjectorProject name: Projector
93 [main] DEBUG ProjectorProject - ProjectorProject projectPackage: ca.brood.projector
93 [main] DEBUG ProjectorReference - ProjectorReference name: project
93 [main] DEBUG ProjectorReference - ProjectorReference targetType: ProjectorProject
93 [main] DEBUG ProjectorReference - ProjectorReference relationship: onetoone
93 [main] DEBUG ProjectorReference - ProjectorReference elementName: 
93 [main] DEBUG ProjectorReference - ProjectorReference name: projectObjects
93 [main] DEBUG ProjectorReference - ProjectorReference targetType: ProjectorObject
93 [main] DEBUG ProjectorReference - ProjectorReference relationship: onetomany
93 [main] DEBUG ProjectorReference - ProjectorReference elementName: object
93 [main] DEBUG ProjectorObject - ProjectorObject name: Projector
93 [main] DEBUG ProjectorField - ProjectorField name: rootElement
93 [main] DEBUG ProjectorField - ProjectorField type: string
93 [main] DEBUG ProjectorField - ProjectorField size: 512
93 [main] DEBUG ProjectorField - ProjectorField elementName: 
93 [main] DEBUG ProjectorField - ProjectorField name: rootObject
93 [main] DEBUG ProjectorField - ProjectorField type: string
93 [main] DEBUG ProjectorField - ProjectorField size: 512
93 [main] DEBUG ProjectorField - ProjectorField elementName: 
93 [main] DEBUG ProjectorField - ProjectorField name: name
93 [main] DEBUG ProjectorField - ProjectorField type: string
93 [main] DEBUG ProjectorField - ProjectorField size: 512
93 [main] DEBUG ProjectorField - ProjectorField elementName: 
93 [main] DEBUG ProjectorField - ProjectorField name: projectPackage
93 [main] DEBUG ProjectorField - ProjectorField type: string
93 [main] DEBUG ProjectorField - ProjectorField size: 512
93 [main] DEBUG ProjectorField - ProjectorField elementName: 
93 [main] DEBUG ProjectorObject - ProjectorObject name: ProjectorProject
93 [main] DEBUG ProjectorField - ProjectorField name: name
93 [main] DEBUG ProjectorField - ProjectorField type: string
93 [main] DEBUG ProjectorField - ProjectorField size: 255
93 [main] DEBUG ProjectorField - ProjectorField elementName: 
93 [main] DEBUG ProjectorReference - ProjectorReference name: fields
93 [main] DEBUG ProjectorReference - ProjectorReference targetType: ProjectorField
93 [main] DEBUG ProjectorReference - ProjectorReference relationship: onetomany
93 [main] DEBUG ProjectorReference - ProjectorReference elementName: field
93 [main] DEBUG ProjectorReference - ProjectorReference name: references
93 [main] DEBUG ProjectorReference - ProjectorReference targetType: ProjectorReference
93 [main] DEBUG ProjectorReference - ProjectorReference relationship: onetomany
93 [main] DEBUG ProjectorReference - ProjectorReference elementName: reference
93 [main] DEBUG ProjectorObject - ProjectorObject name: ProjectorObject
93 [main] DEBUG ProjectorField - ProjectorField name: name
93 [main] DEBUG ProjectorField - ProjectorField type: string
93 [main] DEBUG ProjectorField - ProjectorField size: 255
93 [main] DEBUG ProjectorField - ProjectorField elementName: 
93 [main] DEBUG ProjectorField - ProjectorField name: type
93 [main] DEBUG ProjectorField - ProjectorField type: string
93 [main] DEBUG ProjectorField - ProjectorField size: 32
93 [main] DEBUG ProjectorField - ProjectorField elementName: 
93 [main] DEBUG ProjectorField - ProjectorField name: size
93 [main] DEBUG ProjectorField - ProjectorField type: integer
93 [main] DEBUG ProjectorField - ProjectorField size: 4
93 [main] DEBUG ProjectorField - ProjectorField elementName: 
93 [main] DEBUG ProjectorField - ProjectorField name: elementName
93 [main] DEBUG ProjectorField - ProjectorField type: string
93 [main] DEBUG ProjectorField - ProjectorField size: 255
93 [main] DEBUG ProjectorField - ProjectorField elementName: 
93 [main] DEBUG ProjectorObject - ProjectorObject name: ProjectorField
93 [main] DEBUG ProjectorField - ProjectorField name: name
93 [main] DEBUG ProjectorField - ProjectorField type: string
93 [main] DEBUG ProjectorField - ProjectorField size: 255
93 [main] DEBUG ProjectorField - ProjectorField elementName: 
93 [main] DEBUG ProjectorField - ProjectorField name: targetType
93 [main] DEBUG ProjectorField - ProjectorField type: string
93 [main] DEBUG ProjectorField - ProjectorField size: 255
93 [main] DEBUG ProjectorField - ProjectorField elementName: 
93 [main] DEBUG ProjectorField - ProjectorField name: relationship
93 [main] DEBUG ProjectorField - ProjectorField type: string
93 [main] DEBUG ProjectorField - ProjectorField size: 255
93 [main] DEBUG ProjectorField - ProjectorField elementName: 
93 [main] DEBUG ProjectorField - ProjectorField name: elementName
93 [main] DEBUG ProjectorField - ProjectorField type: string
93 [main] DEBUG ProjectorField - ProjectorField size: 255
93 [main] DEBUG ProjectorField - ProjectorField elementName: 
93 [main] DEBUG ProjectorObject - ProjectorObject name: ProjectorReference
93 [main] INFO Projector - Done with projector.xml
93 [main] INFO Projector - Generating...
93 [main] INFO Projector - Starting file generation
93 [main] DEBUG ProjectorObject - Generating: projects/Projector/src/ca/brood/projector/BaseProjector.java
109 [main] DEBUG ProjectorObject - Generating: projects/Projector/src/ca/brood/projector/BaseProjectorProject.java
109 [main] DEBUG ProjectorObject - Generating: projects/Projector/src/ca/brood/projector/BaseProjectorObject.java
109 [main] DEBUG ProjectorObject - Generating: projects/Projector/src/ca/brood/projector/BaseProjectorField.java
109 [main] DEBUG ProjectorObject - Generating: projects/Projector/src/ca/brood/projector/BaseProjectorReference.java
109 [main] DEBUG Projector - Std file copy: Working on src/ca/brood/projector/ with install dir of projects/Projector/src/ca/brood/projector/
109 [main] DEBUG Projector - Std file copy: Old package: ca.brood.projector New Package: ca.brood.projector
109 [main] DEBUG Projector - Copying BaseGenerated.java from src/ca/brood/projector/ to projects/Projector/src/ca/brood/projector/
109 [main] DEBUG Projector - Std file copy: Working on src/ca/brood/projector/util/ with install dir of projects/Projector/src/ca/brood/projector/util/
109 [main] DEBUG Projector - Std file copy: Old package: ca.brood.projector.util New Package: ca.brood.projector.util
109 [main] DEBUG Projector - Copying SimpleXmlErrorHandler.java from src/ca/brood/projector/util/ to projects/Projector/src/ca/brood/projector/util/
109 [main] DEBUG Projector - Copying Util.java from src/ca/brood/projector/util/ to projects/Projector/src/ca/brood/projector/util/
109 [main] DEBUG Projector - Copying XmlErrorCallback.java from src/ca/brood/projector/util/ to projects/Projector/src/ca/brood/projector/util/
109 [main] DEBUG Projector - Std file copy: Working on . with install dir of projects/Projector/
109 [main] DEBUG Projector - Std file copy: Old package: projector New Package: projector
109 [main] DEBUG Projector - Std file copy: Working on ..git/ with install dir of projects/Projector/.git/
109 [main] DEBUG Projector - Std file copy: Old package: projector..git New Package: projector..git
109 [main] DEBUG Projector - Std file copy: Working on .bin/ with install dir of projects/Projector/bin/
109 [main] DEBUG Projector - Std file copy: Old package: projector.bin New Package: projector.bin
109 [main] DEBUG Projector - Std file copy: Working on .lib/ with install dir of projects/Projector/lib/
109 [main] DEBUG Projector - Std file copy: Old package: projector.lib New Package: projector.lib
109 [main] DEBUG Projector - Copying logger.config from . to projects/Projector/
109 [main] DEBUG Projector - Std file copy: Working on .projects/ with install dir of projects/Projector/projects/
109 [main] DEBUG Projector - Std file copy: Old package: projector.projects New Package: projector.projects
109 [main] DEBUG Projector - Std file copy: Working on .src/ with install dir of projects/Projector/src/
109 [main] DEBUG Projector - Std file copy: Old package: projector.src New Package: projector.src
125 [main] INFO Projector - Done with projector.xml
125 [main] INFO Projector - Projector is finished.
0 [main] INFO Projector - Projector is starting...
0 [main] INFO Projector - Loading file: sampleproject.xml
47 [main] DEBUG Projector - Reading configuration now
47 [main] DEBUG Projector - Configuring project...
47 [main] DEBUG ProjectorProject - ProjectorProject rootElement: softlogger
47 [main] DEBUG ProjectorProject - ProjectorProject rootObject: Softlogger
47 [main] DEBUG ProjectorProject - ProjectorProject name: Softlogger
47 [main] DEBUG ProjectorProject - ProjectorProject projectPackage: ca.brood.softlogger
47 [main] DEBUG ProjectorField - ProjectorField name: name
47 [main] DEBUG ProjectorField - ProjectorField type: string
47 [main] DEBUG ProjectorField - ProjectorField size: 255
47 [main] DEBUG ProjectorField - ProjectorField elementName: 
47 [main] DEBUG ProjectorField - ProjectorField name: poll
47 [main] DEBUG ProjectorField - ProjectorField type: integer
47 [main] DEBUG ProjectorField - ProjectorField size: 4
47 [main] DEBUG ProjectorField - ProjectorField elementName: 
47 [main] DEBUG ProjectorField - ProjectorField name: tableFilePath
47 [main] DEBUG ProjectorField - ProjectorField type: string
47 [main] DEBUG ProjectorField - ProjectorField size: 255
47 [main] DEBUG ProjectorField - ProjectorField elementName: 
47 [main] DEBUG ProjectorField - ProjectorField name: dataFilePath
47 [main] DEBUG ProjectorField - ProjectorField type: string
47 [main] DEBUG ProjectorField - ProjectorField size: 255
47 [main] DEBUG ProjectorField - ProjectorField elementName: 
47 [main] DEBUG ProjectorReference - ProjectorReference name: dataServer
47 [main] DEBUG ProjectorReference - ProjectorReference targetType: DataServer
47 [main] DEBUG ProjectorReference - ProjectorReference relationship: onetoone
47 [main] DEBUG ProjectorReference - ProjectorReference elementName: server
47 [main] DEBUG ProjectorReference - ProjectorReference name: softloggerChannels
47 [main] DEBUG ProjectorReference - ProjectorReference targetType: SoftloggerChannel
47 [main] DEBUG ProjectorReference - ProjectorReference relationship: onetomany
47 [main] DEBUG ProjectorReference - ProjectorReference elementName: channel
47 [main] DEBUG ProjectorObject - ProjectorObject name: Softlogger
47 [main] DEBUG ProjectorField - ProjectorField name: host
47 [main] DEBUG ProjectorField - ProjectorField type: string
47 [main] DEBUG ProjectorField - ProjectorField size: 255
47 [main] DEBUG ProjectorField - ProjectorField elementName: 
47 [main] DEBUG ProjectorField - ProjectorField name: user
47 [main] DEBUG ProjectorField - ProjectorField type: string
47 [main] DEBUG ProjectorField - ProjectorField size: 255
47 [main] DEBUG ProjectorField - ProjectorField elementName: 
47 [main] DEBUG ProjectorField - ProjectorField name: configPoll
47 [main] DEBUG ProjectorField - ProjectorField type: integer
47 [main] DEBUG ProjectorField - ProjectorField size: 4
47 [main] DEBUG ProjectorField - ProjectorField elementName: 
47 [main] DEBUG ProjectorField - ProjectorField name: path
47 [main] DEBUG ProjectorField - ProjectorField type: string
47 [main] DEBUG ProjectorField - ProjectorField size: 255
47 [main] DEBUG ProjectorField - ProjectorField elementName: 
47 [main] DEBUG ProjectorField - ProjectorField name: password
47 [main] DEBUG ProjectorField - ProjectorField type: string
47 [main] DEBUG ProjectorField - ProjectorField size: 255
47 [main] DEBUG ProjectorField - ProjectorField elementName: 
47 [main] DEBUG ProjectorField - ProjectorField name: keyfile
47 [main] DEBUG ProjectorField - ProjectorField type: string
47 [main] DEBUG ProjectorField - ProjectorField size: 255
47 [main] DEBUG ProjectorField - ProjectorField elementName: 
47 [main] DEBUG ProjectorObject - ProjectorObject name: DataServer
47 [main] DEBUG ProjectorObject - ProjectorObject name: SoftloggerChannel
47 [main] DEBUG ProjectorObject - ProjectorObject name: ModbusChannel
47 [main] INFO Projector - Done with sampleproject.xml
47 [main] INFO Projector - Generating...
62 [main] INFO Projector - Starting file generation
62 [main] DEBUG ProjectorObject - Generating: projects/Softlogger/src/ca/brood/softlogger/BaseSoftlogger.java
62 [main] DEBUG ProjectorObject - Generating: projects/Softlogger/src/ca/brood/softlogger/BaseDataServer.java
62 [main] DEBUG ProjectorObject - Generating: projects/Softlogger/src/ca/brood/softlogger/BaseSoftloggerChannel.java
62 [main] DEBUG ProjectorObject - Generating: projects/Softlogger/src/ca/brood/softlogger/BaseModbusChannel.java
62 [main] DEBUG Projector - Std file copy: Working on src/ca/brood/projector/ with install dir of projects/Softlogger/src/ca/brood/softlogger/
62 [main] DEBUG Projector - Std file copy: Old package: ca.brood.projector New Package: ca.brood.softlogger
62 [main] DEBUG Projector - Copying BaseGenerated.java from src/ca/brood/projector/ to projects/Softlogger/src/ca/brood/softlogger/
62 [main] DEBUG Projector - Std file copy: Working on src/ca/brood/projector/util/ with install dir of projects/Softlogger/src/ca/brood/softlogger/util/
62 [main] DEBUG Projector - Std file copy: Old package: ca.brood.projector.util New Package: ca.brood.softlogger.util
62 [main] DEBUG Projector - Copying SimpleXmlErrorHandler.java from src/ca/brood/projector/util/ to projects/Softlogger/src/ca/brood/softlogger/util/
62 [main] DEBUG Projector - Copying Util.java from src/ca/brood/projector/util/ to projects/Softlogger/src/ca/brood/softlogger/util/
62 [main] DEBUG Projector - Copying XmlErrorCallback.java from src/ca/brood/projector/util/ to projects/Softlogger/src/ca/brood/softlogger/util/
62 [main] DEBUG Projector - Std file copy: Working on . with install dir of projects/Softlogger/
62 [main] DEBUG Projector - Std file copy: Old package: projector New Package: softlogger
78 [main] DEBUG Projector - Std file copy: Working on ..git/ with install dir of projects/Softlogger/.git/
78 [main] DEBUG Projector - Std file copy: Old package: projector..git New Package: softlogger..git
78 [main] DEBUG Projector - Std file copy: Working on .bin/ with install dir of projects/Softlogger/bin/
78 [main] DEBUG Projector - Std file copy: Old package: projector.bin New Package: softlogger.bin
78 [main] DEBUG Projector - Std file copy: Working on .lib/ with install dir of projects/Softlogger/lib/
78 [main] DEBUG Projector - Std file copy: Old package: projector.lib New Package: softlogger.lib
78 [main] DEBUG Projector - Copying logger.config from . to projects/Softlogger/
78 [main] DEBUG Projector - Std file copy: Working on .projects/ with install dir of projects/Softlogger/projects/
78 [main] DEBUG Projector - Std file copy: Old package: projector.projects New Package: softlogger.projects
78 [main] DEBUG Projector - Std file copy: Working on .src/ with install dir of projects/Softlogger/src/
78 [main] DEBUG Projector - Std file copy: Old package: projector.src New Package: softlogger.src
78 [main] INFO Projector - Done with sampleproject.xml
78 [main] INFO Projector - Loading file: projector.xml
94 [main] DEBUG Projector - Reading configuration now
94 [main] DEBUG Projector - Configuring project...
94 [main] DEBUG ProjectorProject - ProjectorProject rootElement: projector
94 [main] DEBUG ProjectorProject - ProjectorProject rootObject: Projector
94 [main] DEBUG ProjectorProject - ProjectorProject name: Projector
94 [main] DEBUG ProjectorProject - ProjectorProject projectPackage: ca.brood.projector
94 [main] DEBUG ProjectorReference - ProjectorReference name: project
94 [main] DEBUG ProjectorReference - ProjectorReference targetType: ProjectorProject
94 [main] DEBUG ProjectorReference - ProjectorReference relationship: onetoone
94 [main] DEBUG ProjectorReference - ProjectorReference elementName: 
94 [main] DEBUG ProjectorReference - ProjectorReference name: projectObjects
94 [main] DEBUG ProjectorReference - ProjectorReference targetType: ProjectorObject
94 [main] DEBUG ProjectorReference - ProjectorReference relationship: onetomany
94 [main] DEBUG ProjectorReference - ProjectorReference elementName: object
94 [main] DEBUG ProjectorObject - ProjectorObject name: Projector
94 [main] DEBUG ProjectorField - ProjectorField name: rootElement
94 [main] DEBUG ProjectorField - ProjectorField type: string
94 [main] DEBUG ProjectorField - ProjectorField size: 512
94 [main] DEBUG ProjectorField - ProjectorField elementName: 
94 [main] DEBUG ProjectorField - ProjectorField name: rootObject
94 [main] DEBUG ProjectorField - ProjectorField type: string
94 [main] DEBUG ProjectorField - ProjectorField size: 512
94 [main] DEBUG ProjectorField - ProjectorField elementName: 
94 [main] DEBUG ProjectorField - ProjectorField name: name
94 [main] DEBUG ProjectorField - ProjectorField type: string
94 [main] DEBUG ProjectorField - ProjectorField size: 512
94 [main] DEBUG ProjectorField - ProjectorField elementName: 
94 [main] DEBUG ProjectorField - ProjectorField name: projectPackage
94 [main] DEBUG ProjectorField - ProjectorField type: string
94 [main] DEBUG ProjectorField - ProjectorField size: 512
94 [main] DEBUG ProjectorField - ProjectorField elementName: 
94 [main] DEBUG ProjectorObject - ProjectorObject name: ProjectorProject
94 [main] DEBUG ProjectorField - ProjectorField name: name
94 [main] DEBUG ProjectorField - ProjectorField type: string
94 [main] DEBUG ProjectorField - ProjectorField size: 255
94 [main] DEBUG ProjectorField - ProjectorField elementName: 
94 [main] DEBUG ProjectorReference - ProjectorReference name: fields
94 [main] DEBUG ProjectorReference - ProjectorReference targetType: ProjectorField
94 [main] DEBUG ProjectorReference - ProjectorReference relationship: onetomany
94 [main] DEBUG ProjectorReference - ProjectorReference elementName: field
94 [main] DEBUG ProjectorReference - ProjectorReference name: references
94 [main] DEBUG ProjectorReference - ProjectorReference targetType: ProjectorReference
94 [main] DEBUG ProjectorReference - ProjectorReference relationship: onetomany
94 [main] DEBUG ProjectorReference - ProjectorReference elementName: reference
94 [main] DEBUG ProjectorObject - ProjectorObject name: ProjectorObject
94 [main] DEBUG ProjectorField - ProjectorField name: name
94 [main] DEBUG ProjectorField - ProjectorField type: string
109 [main] DEBUG ProjectorField - ProjectorField size: 255
109 [main] DEBUG ProjectorField - ProjectorField elementName: 
109 [main] DEBUG ProjectorField - ProjectorField name: type
109 [main] DEBUG ProjectorField - ProjectorField type: string
109 [main] DEBUG ProjectorField - ProjectorField size: 32
109 [main] DEBUG ProjectorField - ProjectorField elementName: 
109 [main] DEBUG ProjectorField - ProjectorField name: size
109 [main] DEBUG ProjectorField - ProjectorField type: integer
109 [main] DEBUG ProjectorField - ProjectorField size: 4
109 [main] DEBUG ProjectorField - ProjectorField elementName: 
109 [main] DEBUG ProjectorField - ProjectorField name: elementName
109 [main] DEBUG ProjectorField - ProjectorField type: string
109 [main] DEBUG ProjectorField - ProjectorField size: 255
109 [main] DEBUG ProjectorField - ProjectorField elementName: 
109 [main] DEBUG ProjectorObject - ProjectorObject name: ProjectorField
109 [main] DEBUG ProjectorField - ProjectorField name: name
109 [main] DEBUG ProjectorField - ProjectorField type: string
109 [main] DEBUG ProjectorField - ProjectorField size: 255
109 [main] DEBUG ProjectorField - ProjectorField elementName: 
109 [main] DEBUG ProjectorField - ProjectorField name: targetType
109 [main] DEBUG ProjectorField - ProjectorField type: string
109 [main] DEBUG ProjectorField - ProjectorField size: 255
109 [main] DEBUG ProjectorField - ProjectorField elementName: 
109 [main] DEBUG ProjectorField - ProjectorField name: relationship
109 [main] DEBUG ProjectorField - ProjectorField type: string
109 [main] DEBUG ProjectorField - ProjectorField size: 255
109 [main] DEBUG ProjectorField - ProjectorField elementName: 
109 [main] DEBUG ProjectorField - ProjectorField name: elementName
109 [main] DEBUG ProjectorField - ProjectorField type: string
109 [main] DEBUG ProjectorField - ProjectorField size: 255
109 [main] DEBUG ProjectorField - ProjectorField elementName: 
109 [main] DEBUG ProjectorObject - ProjectorObject name: ProjectorReference
109 [main] INFO Projector - Done with projector.xml
109 [main] INFO Projector - Generating...
109 [main] INFO Projector - Starting file generation
109 [main] DEBUG ProjectorObject - Generating: projects/Projector/src/ca/brood/projector/BaseProjector.java
140 [main] DEBUG ProjectorObject - Generating: projects/Projector/src/ca/brood/projector/BaseProjectorProject.java
172 [main] DEBUG ProjectorObject - Generating: projects/Projector/src/ca/brood/projector/BaseProjectorObject.java
172 [main] DEBUG ProjectorObject - Generating: projects/Projector/src/ca/brood/projector/BaseProjectorField.java
172 [main] DEBUG ProjectorObject - Generating: projects/Projector/src/ca/brood/projector/BaseProjectorReference.java
172 [main] DEBUG Projector - Std file copy: Working on src/ca/brood/projector/ with install dir of projects/Projector/src/ca/brood/projector/
172 [main] DEBUG Projector - Std file copy: Old package: ca.brood.projector New Package: ca.brood.projector
172 [main] DEBUG Projector - Copying BaseGenerated.java from src/ca/brood/projector/ to projects/Projector/src/ca/brood/projector/
172 [main] DEBUG Projector - Std file copy: Working on src/ca/brood/projector/util/ with install dir of projects/Projector/src/ca/brood/projector/util/
172 [main] DEBUG Projector - Std file copy: Old package: ca.brood.projector.util New Package: ca.brood.projector.util
172 [main] DEBUG Projector - Copying SimpleXmlErrorHandler.java from src/ca/brood/projector/util/ to projects/Projector/src/ca/brood/projector/util/
172 [main] DEBUG Projector - Copying Util.java from src/ca/brood/projector/util/ to projects/Projector/src/ca/brood/projector/util/
187 [main] DEBUG Projector - Copying XmlErrorCallback.java from src/ca/brood/projector/util/ to projects/Projector/src/ca/brood/projector/util/
187 [main] DEBUG Projector - Std file copy: Working on . with install dir of projects/Projector/
187 [main] DEBUG Projector - Std file copy: Old package: projector New Package: projector
187 [main] DEBUG Projector - Std file copy: Working on ..git/ with install dir of projects/Projector/.git/
187 [main] DEBUG Projector - Std file copy: Old package: projector..git New Package: projector..git
187 [main] DEBUG Projector - Std file copy: Working on .bin/ with install dir of projects/Projector/bin/
187 [main] DEBUG Projector - Std file copy: Old package: projector.bin New Package: projector.bin
187 [main] DEBUG Projector - Std file copy: Working on .lib/ with install dir of projects/Projector/lib/
187 [main] DEBUG Projector - Std file copy: Old package: projector.lib New Package: projector.lib
187 [main] DEBUG Projector - Copying logger.config from . to projects/Projector/
187 [main] DEBUG Projector - Std file copy: Working on .projects/ with install dir of projects/Projector/projects/
187 [main] DEBUG Projector - Std file copy: Old package: projector.projects New Package: projector.projects
187 [main] DEBUG Projector - Std file copy: Working on .src/ with install dir of projects/Projector/src/
187 [main] DEBUG Projector - Std file copy: Old package: projector.src New Package: projector.src
187 [main] INFO Projector - Done with projector.xml
187 [main] DEBUG Projector - Starting install of projector generated classes...
187 [main] DEBUG Projector - Working on projects/Projector/src/ with install dir of src/
187 [main] DEBUG Projector - Working on projects/Projector/src/ca/ with install dir of src/ca/
187 [main] DEBUG Projector - Working on projects/Projector/src/ca/brood/ with install dir of src/ca/brood/
187 [main] DEBUG Projector - Working on projects/Projector/src/ca/brood/projector/ with install dir of src/ca/brood/projector/
187 [main] DEBUG Projector - Copying BaseGenerated.java from projects/Projector/src/ca/brood/projector/ to src/ca/brood/projector/
187 [main] DEBUG Projector - Copying BaseProjector.java from projects/Projector/src/ca/brood/projector/ to src/ca/brood/projector/
203 [main] DEBUG Projector - Copying BaseProjectorField.java from projects/Projector/src/ca/brood/projector/ to src/ca/brood/projector/
203 [main] DEBUG Projector - Copying BaseProjectorObject.java from projects/Projector/src/ca/brood/projector/ to src/ca/brood/projector/
203 [main] DEBUG Projector - Copying BaseProjectorProject.java from projects/Projector/src/ca/brood/projector/ to src/ca/brood/projector/
203 [main] DEBUG Projector - Copying BaseProjectorReference.java from projects/Projector/src/ca/brood/projector/ to src/ca/brood/projector/
203 [main] DEBUG Projector - Working on projects/Projector/src/ca/brood/projector/util/ with install dir of src/ca/brood/projector/util/
203 [main] DEBUG Projector - Copying SimpleXmlErrorHandler.java from projects/Projector/src/ca/brood/projector/util/ to src/ca/brood/projector/util/
203 [main] DEBUG Projector - Copying Util.java from projects/Projector/src/ca/brood/projector/util/ to src/ca/brood/projector/util/
219 [main] DEBUG Projector - Copying XmlErrorCallback.java from projects/Projector/src/ca/brood/projector/util/ to src/ca/brood/projector/util/
219 [main] DEBUG Projector - Done installing newly generated projector classes... does it still work?
219 [main] INFO Projector - Projector is finished.
0 [main] INFO Projector - Projector is starting...
0 [main] INFO Projector - Loading file: sampleproject.xml
47 [main] DEBUG Projector - Reading configuration now
47 [main] DEBUG Projector - Configuring project...
47 [main] DEBUG ProjectorProject - ProjectorProject rootElement: softlogger
47 [main] DEBUG ProjectorProject - ProjectorProject rootObject: Softlogger
47 [main] DEBUG ProjectorProject - ProjectorProject name: Softlogger
47 [main] DEBUG ProjectorProject - ProjectorProject projectPackage: ca.brood.softlogger
47 [main] DEBUG ProjectorField - ProjectorField name: name
47 [main] DEBUG ProjectorField - ProjectorField type: string
47 [main] DEBUG ProjectorField - ProjectorField size: 255
47 [main] DEBUG ProjectorField - ProjectorField elementName: 
47 [main] DEBUG ProjectorField - ProjectorField name: poll
47 [main] DEBUG ProjectorField - ProjectorField type: integer
47 [main] DEBUG ProjectorField - ProjectorField size: 4
47 [main] DEBUG ProjectorField - ProjectorField elementName: 
47 [main] DEBUG ProjectorField - ProjectorField name: tableFilePath
47 [main] DEBUG ProjectorField - ProjectorField type: string
47 [main] DEBUG ProjectorField - ProjectorField size: 255
47 [main] DEBUG ProjectorField - ProjectorField elementName: 
47 [main] DEBUG ProjectorField - ProjectorField name: dataFilePath
47 [main] DEBUG ProjectorField - ProjectorField type: string
47 [main] DEBUG ProjectorField - ProjectorField size: 255
47 [main] DEBUG ProjectorField - ProjectorField elementName: 
47 [main] DEBUG ProjectorReference - ProjectorReference name: dataServer
47 [main] DEBUG ProjectorReference - ProjectorReference targetType: DataServer
47 [main] DEBUG ProjectorReference - ProjectorReference relationship: onetoone
47 [main] DEBUG ProjectorReference - ProjectorReference elementName: server
47 [main] DEBUG ProjectorReference - ProjectorReference name: softloggerChannels
47 [main] DEBUG ProjectorReference - ProjectorReference targetType: SoftloggerChannel
47 [main] DEBUG ProjectorReference - ProjectorReference relationship: onetomany
47 [main] DEBUG ProjectorReference - ProjectorReference elementName: channel
47 [main] DEBUG ProjectorObject - ProjectorObject name: Softlogger
47 [main] DEBUG ProjectorField - ProjectorField name: host
47 [main] DEBUG ProjectorField - ProjectorField type: string
47 [main] DEBUG ProjectorField - ProjectorField size: 255
47 [main] DEBUG ProjectorField - ProjectorField elementName: 
47 [main] DEBUG ProjectorField - ProjectorField name: user
47 [main] DEBUG ProjectorField - ProjectorField type: string
47 [main] DEBUG ProjectorField - ProjectorField size: 255
47 [main] DEBUG ProjectorField - ProjectorField elementName: 
47 [main] DEBUG ProjectorField - ProjectorField name: configPoll
47 [main] DEBUG ProjectorField - ProjectorField type: integer
47 [main] DEBUG ProjectorField - ProjectorField size: 4
47 [main] DEBUG ProjectorField - ProjectorField elementName: 
47 [main] DEBUG ProjectorField - ProjectorField name: path
47 [main] DEBUG ProjectorField - ProjectorField type: string
47 [main] DEBUG ProjectorField - ProjectorField size: 255
62 [main] DEBUG ProjectorField - ProjectorField elementName: 
62 [main] DEBUG ProjectorField - ProjectorField name: password
62 [main] DEBUG ProjectorField - ProjectorField type: string
62 [main] DEBUG ProjectorField - ProjectorField size: 255
62 [main] DEBUG ProjectorField - ProjectorField elementName: 
62 [main] DEBUG ProjectorField - ProjectorField name: keyfile
62 [main] DEBUG ProjectorField - ProjectorField type: string
62 [main] DEBUG ProjectorField - ProjectorField size: 255
62 [main] DEBUG ProjectorField - ProjectorField elementName: 
62 [main] DEBUG ProjectorObject - ProjectorObject name: DataServer
62 [main] DEBUG ProjectorObject - ProjectorObject name: SoftloggerChannel
62 [main] DEBUG ProjectorObject - ProjectorObject name: ModbusChannel
62 [main] INFO Projector - Done with sampleproject.xml
62 [main] INFO Projector - Generating...
62 [main] INFO Projector - Starting file generation
62 [main] DEBUG ProjectorObject - Generating: projects/Softlogger/src/ca/brood/softlogger/BaseSoftlogger.java
62 [main] DEBUG ProjectorObject - Generating: projects/Softlogger/src/ca/brood/softlogger/BaseDataServer.java
62 [main] DEBUG ProjectorObject - Generating: projects/Softlogger/src/ca/brood/softlogger/BaseSoftloggerChannel.java
62 [main] DEBUG ProjectorObject - Generating: projects/Softlogger/src/ca/brood/softlogger/BaseModbusChannel.java
62 [main] DEBUG Projector - Std file copy: Working on src/ca/brood/projector/ with install dir of projects/Softlogger/src/ca/brood/softlogger/
62 [main] DEBUG Projector - Std file copy: Old package: ca.brood.projector New Package: ca.brood.softlogger
62 [main] DEBUG Projector - Copying BaseGenerated.java from src/ca/brood/projector/ to projects/Softlogger/src/ca/brood/softlogger/
78 [main] DEBUG Projector - Std file copy: Working on src/ca/brood/projector/util/ with install dir of projects/Softlogger/src/ca/brood/softlogger/util/
78 [main] DEBUG Projector - Std file copy: Old package: ca.brood.projector.util New Package: ca.brood.softlogger.util
78 [main] DEBUG Projector - Copying SimpleXmlErrorHandler.java from src/ca/brood/projector/util/ to projects/Softlogger/src/ca/brood/softlogger/util/
78 [main] DEBUG Projector - Copying Util.java from src/ca/brood/projector/util/ to projects/Softlogger/src/ca/brood/softlogger/util/
78 [main] DEBUG Projector - Copying XmlErrorCallback.java from src/ca/brood/projector/util/ to projects/Softlogger/src/ca/brood/softlogger/util/
78 [main] DEBUG Projector - Std file copy: Working on . with install dir of projects/Softlogger/
78 [main] DEBUG Projector - Std file copy: Old package: projector New Package: softlogger
78 [main] DEBUG Projector - Std file copy: Working on ..git/ with install dir of projects/Softlogger/.git/
78 [main] DEBUG Projector - Std file copy: Old package: projector..git New Package: softlogger..git
78 [main] DEBUG Projector - Std file copy: Working on .bin/ with install dir of projects/Softlogger/bin/
78 [main] DEBUG Projector - Std file copy: Old package: projector.bin New Package: softlogger.bin
78 [main] DEBUG Projector - Std file copy: Working on .lib/ with install dir of projects/Softlogger/lib/
78 [main] DEBUG Projector - Std file copy: Old package: projector.lib New Package: softlogger.lib
78 [main] DEBUG Projector - Copying logger.config from . to projects/Softlogger/
78 [main] DEBUG Projector - Std file copy: Working on .projects/ with install dir of projects/Softlogger/projects/
78 [main] DEBUG Projector - Std file copy: Old package: projector.projects New Package: softlogger.projects
78 [main] DEBUG Projector - Std file copy: Working on .src/ with install dir of projects/Softlogger/src/
78 [main] DEBUG Projector - Std file copy: Old package: projector.src New Package: softlogger.src
78 [main] INFO Projector - Done with sampleproject.xml
78 [main] INFO Projector - Loading file: projector.xml
94 [main] DEBUG Projector - Reading configuration now
94 [main] DEBUG Projector - Configuring project...
94 [main] DEBUG ProjectorProject - ProjectorProject rootElement: projector
94 [main] DEBUG ProjectorProject - ProjectorProject rootObject: Projector
94 [main] DEBUG ProjectorProject - ProjectorProject name: Projector
94 [main] DEBUG ProjectorProject - ProjectorProject projectPackage: ca.brood.projector
94 [main] DEBUG ProjectorReference - ProjectorReference name: project
94 [main] DEBUG ProjectorReference - ProjectorReference targetType: ProjectorProject
94 [main] DEBUG ProjectorReference - ProjectorReference relationship: onetoone
94 [main] DEBUG ProjectorReference - ProjectorReference elementName: 
94 [main] DEBUG ProjectorReference - ProjectorReference name: projectObjects
94 [main] DEBUG ProjectorReference - ProjectorReference targetType: ProjectorObject
94 [main] DEBUG ProjectorReference - ProjectorReference relationship: onetomany
94 [main] DEBUG ProjectorReference - ProjectorReference elementName: object
94 [main] DEBUG ProjectorObject - ProjectorObject name: Projector
94 [main] DEBUG ProjectorField - ProjectorField name: rootElement
94 [main] DEBUG ProjectorField - ProjectorField type: string
94 [main] DEBUG ProjectorField - ProjectorField size: 512
94 [main] DEBUG ProjectorField - ProjectorField elementName: 
94 [main] DEBUG ProjectorField - ProjectorField name: rootObject
94 [main] DEBUG ProjectorField - ProjectorField type: string
94 [main] DEBUG ProjectorField - ProjectorField size: 512
94 [main] DEBUG ProjectorField - ProjectorField elementName: 
94 [main] DEBUG ProjectorField - ProjectorField name: name
94 [main] DEBUG ProjectorField - ProjectorField type: string
94 [main] DEBUG ProjectorField - ProjectorField size: 512
94 [main] DEBUG ProjectorField - ProjectorField elementName: 
94 [main] DEBUG ProjectorField - ProjectorField name: projectPackage
94 [main] DEBUG ProjectorField - ProjectorField type: string
94 [main] DEBUG ProjectorField - ProjectorField size: 512
94 [main] DEBUG ProjectorField - ProjectorField elementName: 
94 [main] DEBUG ProjectorObject - ProjectorObject name: ProjectorProject
94 [main] DEBUG ProjectorField - ProjectorField name: name
94 [main] DEBUG ProjectorField - ProjectorField type: string
94 [main] DEBUG ProjectorField - ProjectorField size: 255
94 [main] DEBUG ProjectorField - ProjectorField elementName: 
94 [main] DEBUG ProjectorReference - ProjectorReference name: fields
94 [main] DEBUG ProjectorReference - ProjectorReference targetType: ProjectorField
94 [main] DEBUG ProjectorReference - ProjectorReference relationship: onetomany
94 [main] DEBUG ProjectorReference - ProjectorReference elementName: field
94 [main] DEBUG ProjectorReference - ProjectorReference name: references
94 [main] DEBUG ProjectorReference - ProjectorReference targetType: ProjectorReference
94 [main] DEBUG ProjectorReference - ProjectorReference relationship: onetomany
94 [main] DEBUG ProjectorReference - ProjectorReference elementName: reference
94 [main] DEBUG ProjectorObject - ProjectorObject name: ProjectorObject
94 [main] DEBUG ProjectorField - ProjectorField name: name
94 [main] DEBUG ProjectorField - ProjectorField type: string
94 [main] DEBUG ProjectorField - ProjectorField size: 255
94 [main] DEBUG ProjectorField - ProjectorField elementName: 
94 [main] DEBUG ProjectorField - ProjectorField name: type
94 [main] DEBUG ProjectorField - ProjectorField type: string
94 [main] DEBUG ProjectorField - ProjectorField size: 32
94 [main] DEBUG ProjectorField - ProjectorField elementName: 
94 [main] DEBUG ProjectorField - ProjectorField name: size
94 [main] DEBUG ProjectorField - ProjectorField type: integer
94 [main] DEBUG ProjectorField - ProjectorField size: 4
94 [main] DEBUG ProjectorField - ProjectorField elementName: 
94 [main] DEBUG ProjectorField - ProjectorField name: elementName
94 [main] DEBUG ProjectorField - ProjectorField type: string
94 [main] DEBUG ProjectorField - ProjectorField size: 255
94 [main] DEBUG ProjectorField - ProjectorField elementName: 
94 [main] DEBUG ProjectorObject - ProjectorObject name: ProjectorField
94 [main] DEBUG ProjectorField - ProjectorField name: name
94 [main] DEBUG ProjectorField - ProjectorField type: string
94 [main] DEBUG ProjectorField - ProjectorField size: 255
94 [main] DEBUG ProjectorField - ProjectorField elementName: 
94 [main] DEBUG ProjectorField - ProjectorField name: targetType
94 [main] DEBUG ProjectorField - ProjectorField type: string
94 [main] DEBUG ProjectorField - ProjectorField size: 255
94 [main] DEBUG ProjectorField - ProjectorField elementName: 
94 [main] DEBUG ProjectorField - ProjectorField name: relationship
94 [main] DEBUG ProjectorField - ProjectorField type: string
94 [main] DEBUG ProjectorField - ProjectorField size: 255
94 [main] DEBUG ProjectorField - ProjectorField elementName: 
109 [main] DEBUG ProjectorField - ProjectorField name: elementName
109 [main] DEBUG ProjectorField - ProjectorField type: string
109 [main] DEBUG ProjectorField - ProjectorField size: 255
109 [main] DEBUG ProjectorField - ProjectorField elementName: 
109 [main] DEBUG ProjectorObject - ProjectorObject name: ProjectorReference
109 [main] INFO Projector - Done with projector.xml
109 [main] INFO Projector - Generating...
109 [main] INFO Projector - Starting file generation
109 [main] DEBUG ProjectorObject - Generating: projects/Projector/src/ca/brood/projector/BaseProjector.java
109 [main] DEBUG ProjectorObject - Generating: projects/Projector/src/ca/brood/projector/BaseProjectorProject.java
109 [main] DEBUG ProjectorObject - Generating: projects/Projector/src/ca/brood/projector/BaseProjectorObject.java
109 [main] DEBUG ProjectorObject - Generating: projects/Projector/src/ca/brood/projector/BaseProjectorField.java
109 [main] DEBUG ProjectorObject - Generating: projects/Projector/src/ca/brood/projector/BaseProjectorReference.java
109 [main] DEBUG Projector - Std file copy: Working on src/ca/brood/projector/ with install dir of projects/Projector/src/ca/brood/projector/
109 [main] DEBUG Projector - Std file copy: Old package: ca.brood.projector New Package: ca.brood.projector
109 [main] DEBUG Projector - Copying BaseGenerated.java from src/ca/brood/projector/ to projects/Projector/src/ca/brood/projector/
125 [main] DEBUG Projector - Std file copy: Working on src/ca/brood/projector/util/ with install dir of projects/Projector/src/ca/brood/projector/util/
125 [main] DEBUG Projector - Std file copy: Old package: ca.brood.projector.util New Package: ca.brood.projector.util
125 [main] DEBUG Projector - Copying SimpleXmlErrorHandler.java from src/ca/brood/projector/util/ to projects/Projector/src/ca/brood/projector/util/
125 [main] DEBUG Projector - Copying Util.java from src/ca/brood/projector/util/ to projects/Projector/src/ca/brood/projector/util/
125 [main] DEBUG Projector - Copying XmlErrorCallback.java from src/ca/brood/projector/util/ to projects/Projector/src/ca/brood/projector/util/
125 [main] DEBUG Projector - Std file copy: Working on . with install dir of projects/Projector/
125 [main] DEBUG Projector - Std file copy: Old package: projector New Package: projector
125 [main] DEBUG Projector - Std file copy: Working on ..git/ with install dir of projects/Projector/.git/
125 [main] DEBUG Projector - Std file copy: Old package: projector..git New Package: projector..git
125 [main] DEBUG Projector - Std file copy: Working on .bin/ with install dir of projects/Projector/bin/
125 [main] DEBUG Projector - Std file copy: Old package: projector.bin New Package: projector.bin
125 [main] DEBUG Projector - Std file copy: Working on .lib/ with install dir of projects/Projector/lib/
125 [main] DEBUG Projector - Std file copy: Old package: projector.lib New Package: projector.lib
125 [main] DEBUG Projector - Copying logger.config from . to projects/Projector/
125 [main] DEBUG Projector - Std file copy: Working on .projects/ with install dir of projects/Projector/projects/
125 [main] DEBUG Projector - Std file copy: Old package: projector.projects New Package: projector.projects
125 [main] DEBUG Projector - Std file copy: Working on .src/ with install dir of projects/Projector/src/
125 [main] DEBUG Projector - Std file copy: Old package: projector.src New Package: projector.src
141 [main] INFO Projector - Done with projector.xml
141 [main] DEBUG Projector - Starting install of projector generated classes...
141 [main] DEBUG Projector - Working on projects/Projector/src/ with install dir of src/
141 [main] DEBUG Projector - Working on projects/Projector/src/ca/ with install dir of src/ca/
141 [main] DEBUG Projector - Working on projects/Projector/src/ca/brood/ with install dir of src/ca/brood/
141 [main] DEBUG Projector - Working on projects/Projector/src/ca/brood/projector/ with install dir of src/ca/brood/projector/
141 [main] DEBUG Projector - Copying BaseGenerated.java from projects/Projector/src/ca/brood/projector/ to src/ca/brood/projector/
141 [main] DEBUG Projector - Copying BaseProjector.java from projects/Projector/src/ca/brood/projector/ to src/ca/brood/projector/
141 [main] DEBUG Projector - Copying BaseProjectorField.java from projects/Projector/src/ca/brood/projector/ to src/ca/brood/projector/
141 [main] DEBUG Projector - Copying BaseProjectorObject.java from projects/Projector/src/ca/brood/projector/ to src/ca/brood/projector/
141 [main] DEBUG Projector - Copying BaseProjectorProject.java from projects/Projector/src/ca/brood/projector/ to src/ca/brood/projector/
141 [main] DEBUG Projector - Copying BaseProjectorReference.java from projects/Projector/src/ca/brood/projector/ to src/ca/brood/projector/
141 [main] DEBUG Projector - Working on projects/Projector/src/ca/brood/projector/util/ with install dir of src/ca/brood/projector/util/
141 [main] DEBUG Projector - Copying SimpleXmlErrorHandler.java from projects/Projector/src/ca/brood/projector/util/ to src/ca/brood/projector/util/
141 [main] DEBUG Projector - Copying Util.java from projects/Projector/src/ca/brood/projector/util/ to src/ca/brood/projector/util/
141 [main] DEBUG Projector - Copying XmlErrorCallback.java from projects/Projector/src/ca/brood/projector/util/ to src/ca/brood/projector/util/
141 [main] DEBUG Projector - Done installing newly generated projector classes... does it still work?
141 [main] INFO Projector - Projector is finished.
